<?xml version="1.0" encoding="UTF-8"?>
<!-- Generated by org.testng.reporters.JUnitReportReporter -->
<testsuite skipped="0" hostname="BDC7-D-DLRGH92" name="com.demo.selenium.seleniumtest1" tests="1" failures="0" timestamp="03 Jul 2018 06:20:12 GMT" time="39.938" errors="0">
  <testcase name="testgithudlogin" time="39.938" classname="com.demo.selenium.seleniumtest1"/>
</testsuite> <!-- com.demo.selenium.seleniumtest1 -->
