<?xml version="1.0" encoding="UTF-8"?>
<!-- Generated by org.testng.reporters.JUnitReportReporter -->
<testsuite skipped="0" hostname="BDC7-D-DLRGH92" name="com.demo.selenium.test1" tests="2" failures="0" timestamp="03 Jul 2018 05:26:36 GMT" time="0.014" errors="0">
  <testcase name="testpayment" time="0.002" classname="com.demo.selenium.test1"/>
  <testcase name="testdemowebshop" time="0.012" classname="com.demo.selenium.test1"/>
</testsuite> <!-- com.demo.selenium.test1 -->
